<?xml version="1.0" encoding="UTF-8"?>
<robot generator="Robot 2.8.6 (Jython 2.5.3 on java1.8.0_121)" generated="20170421 15:56:04.419">
<suite source="E:\src\pck.automic_ca_agilecentral\test\Test_CA_AGILECENTRAL" name="Test CA AGILECENTRAL" id="s1">
<suite source="E:\src\pck.automic_ca_agilecentral\test\Test_CA_AGILECENTRAL\PCK.AUTOMIC_CA_AGILECENTRAL" name="PCK.AUTOMIC CA AGILECENTRAL" id="s1-s1">
<suite source="E:\src\pck.automic_ca_agilecentral\test\Test_CA_AGILECENTRAL\PCK.AUTOMIC_CA_AGILECENTRAL\TestCases" name="TestCases" id="s1-s1-s1">
<suite source="E:\src\pck.automic_ca_agilecentral\test\Test_CA_AGILECENTRAL\PCK.AUTOMIC_CA_AGILECENTRAL\TestCases\Edit_User_Story" name="Edit User Story" id="s1-s1-s1-s1">
<suite source="E:\src\pck.automic_ca_agilecentral\test\Test_CA_AGILECENTRAL\PCK.AUTOMIC_CA_AGILECENTRAL\TestCases\Edit_User_Story\Edit_User_Story.txt" name="Edit User Story" id="s1-s1-s1-s1-s1">
<kw type="setup" name="Startup">
<doc></doc>
<arguments>
</arguments>
<msg level="TRACE" timestamp="20170421 15:56:05.244">Arguments: [  ]</msg>
<kw type="kw" name="BuiltIn.Log">
<doc>Logs the given message with the given level.</doc>
<arguments>
<arg>*******Start Test "Edit User Story"*******</arg>
</arguments>
<msg level="TRACE" timestamp="20170421 15:56:05.249">Arguments: [ u'*******Start Test "Edit User Story"*******' ]</msg>
<msg level="INFO" timestamp="20170421 15:56:05.250">*******Start Test "Edit User Story"*******</msg>
<msg level="TRACE" timestamp="20170421 15:56:05.252">Return: None</msg>
<status endtime="20170421 15:56:05.252" starttime="20170421 15:56:05.246" status="PASS"></status>
</kw>
<kw type="kw" name="BuiltIn.Log">
<doc>Logs the given message with the given level.</doc>
<arguments>
<arg>*******Connect to AE*******</arg>
</arguments>
<msg level="TRACE" timestamp="20170421 15:56:05.256">Arguments: [ u'*******Connect to AE*******' ]</msg>
<msg level="INFO" timestamp="20170421 15:56:05.258">*******Connect to AE*******</msg>
<msg level="TRACE" timestamp="20170421 15:56:05.259">Return: None</msg>
<status endtime="20170421 15:56:05.259" starttime="20170421 15:56:05.254" status="PASS"></status>
</kw>
<kw type="kw" name="keywords.Connect AE">
<doc></doc>
<arguments>
</arguments>
<msg level="TRACE" timestamp="20170421 15:56:05.266">Arguments: [  ]</msg>
<kw type="kw" name="Action Connect">
<doc></doc>
<arguments>
<arg>${_AE_HOST}</arg>
<arg>${_AE_PORT}</arg>
<arg>${_AE_USER}</arg>
<arg>${_AE_PASS}</arg>
<arg>${_AE_TEMP_FOLD}</arg>
</arguments>
<msg level="FAIL" timestamp="20170421 15:56:05.290">No keyword with name 'Action Connect' found.</msg>
<status endtime="20170421 15:56:05.291" starttime="20170421 15:56:05.287" status="FAIL"></status>
</kw>
<status endtime="20170421 15:56:05.295" starttime="20170421 15:56:05.263" status="FAIL"></status>
</kw>
<status endtime="20170421 15:56:05.298" starttime="20170421 15:56:05.239" status="FAIL"></status>
</kw>
<test name="Edit user story with providing valid inputs" id="s1-s1-s1-s1-s1-t1">
<doc></doc>
<tags>
<tag>all</tag>
<tag>edit_user_story</tag>
<tag>main_scenarios</tag>
</tags>
<status critical="yes" endtime="20170421 15:56:05.307" starttime="20170421 15:56:05.300" status="FAIL">Parent suite setup failed:
No keyword with name 'Action Connect' found.</status>
</test>
<kw type="teardown" name="Teardown">
<doc></doc>
<arguments>
</arguments>
<msg level="TRACE" timestamp="20170421 15:56:05.317">Arguments: [  ]</msg>
<kw type="kw" name="BuiltIn.Log">
<doc>Logs the given message with the given level.</doc>
<arguments>
<arg>*******End Test "Edit User Story"*******</arg>
</arguments>
<msg level="TRACE" timestamp="20170421 15:56:05.322">Arguments: [ u'*******End Test "Edit User Story"*******' ]</msg>
<msg level="INFO" timestamp="20170421 15:56:05.325">*******End Test "Edit User Story"*******</msg>
<msg level="TRACE" timestamp="20170421 15:56:05.327">Return: None</msg>
<status endtime="20170421 15:56:05.327" starttime="20170421 15:56:05.319" status="PASS"></status>
</kw>
<msg level="TRACE" timestamp="20170421 15:56:05.330">Return: None</msg>
<status endtime="20170421 15:56:05.330" starttime="20170421 15:56:05.313" status="PASS"></status>
</kw>
<doc></doc>
<metadata>
</metadata>
<status endtime="20170421 15:56:05.334" starttime="20170421 15:56:05.034" status="FAIL">Suite setup failed:
No keyword with name 'Action Connect' found.</status>
</suite>
<doc></doc>
<metadata>
</metadata>
<status endtime="20170421 15:56:05.342" starttime="20170421 15:56:04.777" status="FAIL"></status>
</suite>
<doc></doc>
<metadata>
</metadata>
<status endtime="20170421 15:56:05.353" starttime="20170421 15:56:04.755" status="FAIL"></status>
</suite>
<doc></doc>
<metadata>
</metadata>
<status endtime="20170421 15:56:05.360" starttime="20170421 15:56:04.726" status="FAIL"></status>
</suite>
<doc></doc>
<metadata>
</metadata>
<status endtime="20170421 15:56:05.366" starttime="20170421 15:56:04.471" status="FAIL"></status>
</suite>
<statistics>
<total>
<stat pass="0" fail="1">Critical Tests</stat>
<stat pass="0" fail="1">All Tests</stat>
</total>
<tag>
<stat pass="0" fail="1" doc="" links="" combined="" info="">all</stat>
<stat pass="0" fail="1" doc="" links="" combined="" info="">edit_user_story</stat>
<stat pass="0" fail="1" doc="" links="" combined="" info="">main_scenarios</stat>
</tag>
<suite>
<stat pass="0" fail="1" name="Test CA AGILECENTRAL" id="s1">Test CA AGILECENTRAL</stat>
<stat pass="0" fail="1" name="PCK.AUTOMIC CA AGILECENTRAL" id="s1-s1">Test CA AGILECENTRAL.PCK.AUTOMIC CA AGILECENTRAL</stat>
<stat pass="0" fail="1" name="TestCases" id="s1-s1-s1">Test CA AGILECENTRAL.PCK.AUTOMIC CA AGILECENTRAL.TestCases</stat>
<stat pass="0" fail="1" name="Edit User Story" id="s1-s1-s1-s1">Test CA AGILECENTRAL.PCK.AUTOMIC CA AGILECENTRAL.TestCases.Edit User Story</stat>
<stat pass="0" fail="1" name="Edit User Story" id="s1-s1-s1-s1-s1">Test CA AGILECENTRAL.PCK.AUTOMIC CA AGILECENTRAL.TestCases.Edit User Story.Edit User Story</stat>
</suite>
</statistics>
<errors>
<msg level="ERROR" timestamp="20170421 15:56:05.079">Error in file 'E:\src\pck.automic_ca_agilecentral\test\Test_CA_AGILECENTRAL\PCK.AUTOMIC_CA_AGILECENTRAL\TestCases\Edit_User_Story\Edit_User_Story.txt': Importing test library 'com.automic.robot.itpa.ItpaLibrary' failed: ImportError: No module named automic
Traceback (most recent call last):
  None
PYTHONPATH:
  C:\Python27\Lib\site-packages\robot\libraries
  C:\Python27\Lib\site-packages
  C:\jython2.5.3\Lib
  __classpath__
  __pyclasspath__/
  C:\jython2.5.3\Lib\site-packages
  .
  C:\Python
CLASSPATH:
  C:\jython2.5.3\jython.jar
  E:\src\pck.automic_ca_agilecentral\test\\lib\itpa-keywords-1.0.jar</msg>
<msg level="ERROR" timestamp="20170421 15:56:05.181">Error in file 'E:\src\pck.automic_ca_agilecentral\test\Env\default.txt': Importing test library 'com.automic.robot.itpa.ItpaLibrary' failed: ImportError: No module named automic
Traceback (most recent call last):
  None
PYTHONPATH:
  C:\Python27\Lib\site-packages\robot\libraries
  C:\Python27\Lib\site-packages
  C:\jython2.5.3\Lib
  __classpath__
  __pyclasspath__/
  C:\jython2.5.3\Lib\site-packages
  .
  C:\Python
CLASSPATH:
  C:\jython2.5.3\jython.jar
  E:\src\pck.automic_ca_agilecentral\test\\lib\itpa-keywords-1.0.jar</msg>
</errors>
</robot>
